2019-08-18 17:46:49,921 INFO o.a.j.u.JMeterUtils: Setting Locale to en_EN
2019-08-18 17:46:49,952 INFO o.a.j.JMeter: Loading user properties from: user.properties
2019-08-18 17:46:49,966 INFO o.a.j.JMeter: Loading system properties from: system.properties
2019-08-18 17:46:49,978 INFO o.a.j.JMeter: Copyright (c) 1998-2019 The Apache Software Foundation
2019-08-18 17:46:49,978 INFO o.a.j.JMeter: Version 5.1.1 r1855137
2019-08-18 17:46:49,978 INFO o.a.j.JMeter: java.version=1.8.0_151
2019-08-18 17:46:49,978 INFO o.a.j.JMeter: java.vm.name=Java HotSpot(TM) 64-Bit Server VM
2019-08-18 17:46:49,978 INFO o.a.j.JMeter: os.name=Windows 7
2019-08-18 17:46:49,979 INFO o.a.j.JMeter: os.arch=amd64
2019-08-18 17:46:49,979 INFO o.a.j.JMeter: os.version=6.1
2019-08-18 17:46:49,979 INFO o.a.j.JMeter: file.encoding=GBK
2019-08-18 17:46:49,979 INFO o.a.j.JMeter: java.awt.headless=null
2019-08-18 17:46:49,979 INFO o.a.j.JMeter: Max memory     =1073741824
2019-08-18 17:46:49,979 INFO o.a.j.JMeter: Available Processors =4
2019-08-18 17:46:49,986 INFO o.a.j.JMeter: Default Locale=English (EN)
2019-08-18 17:46:49,987 INFO o.a.j.JMeter: JMeter  Locale=English (EN)
2019-08-18 17:46:49,987 INFO o.a.j.JMeter: JMeterHome=D:\安装程序\常用软件\apache-jmeter-5.1.1
2019-08-18 17:46:49,987 INFO o.a.j.JMeter: user.dir  =D:\安装程序\常用软件\apache-jmeter-5.1.1\bin
2019-08-18 17:46:49,988 INFO o.a.j.JMeter: PWD       =D:\安装程序\常用软件\apache-jmeter-5.1.1\bin
2019-08-18 17:46:49,989 INFO o.a.j.JMeter: IP: 192.168.43.247 Name: PXJZUXJL586FTQV FullName: windows10.microdone.cn
2019-08-18 17:46:50,275 INFO o.a.j.g.a.LookAndFeelCommand: Installing Darcula LAF
2019-08-18 17:46:50,306 INFO o.a.j.g.a.LookAndFeelCommand: Using look and feel: javax.swing.plaf.metal.MetalLookAndFeel [Darcula]
2019-08-18 17:46:50,307 INFO o.a.j.JMeter: Setting LAF to: javax.swing.plaf.metal.MetalLookAndFeel
2019-08-18 17:46:50,315 INFO o.a.j.JMeter: Loaded icon properties from org/apache/jmeter/images/icon.properties
2019-08-18 17:46:52,508 INFO o.j.r.JARSourceHTTP: Requesting https://jmeter-plugins.org/repo/?installID=windows_7-5434a58541fdbb479a41a72eceb2c34b-gui
2019-08-18 17:46:57,511 INFO o.a.j.p.h.s.HTTPSamplerBase: Parser for text/html is org.apache.jmeter.protocol.http.parser.LagartoBasedHtmlParser
2019-08-18 17:46:57,512 INFO o.a.j.p.h.s.HTTPSamplerBase: Parser for application/xhtml+xml is org.apache.jmeter.protocol.http.parser.LagartoBasedHtmlParser
2019-08-18 17:46:57,512 INFO o.a.j.p.h.s.HTTPSamplerBase: Parser for application/xml is org.apache.jmeter.protocol.http.parser.LagartoBasedHtmlParser
2019-08-18 17:46:57,512 INFO o.a.j.p.h.s.HTTPSamplerBase: Parser for text/xml is org.apache.jmeter.protocol.http.parser.LagartoBasedHtmlParser
2019-08-18 17:46:57,512 INFO o.a.j.p.h.s.HTTPSamplerBase: Parser for text/vnd.wap.wml is org.apache.jmeter.protocol.http.parser.RegexpHTMLParser
2019-08-18 17:46:57,512 INFO o.a.j.p.h.s.HTTPSamplerBase: Parser for text/css is org.apache.jmeter.protocol.http.parser.CssParser
2019-08-18 17:46:58,681 INFO o.a.j.e.KeyToolUtils: keytool found at 'keytool'
2019-08-18 17:46:58,682 INFO o.a.j.p.h.p.ProxyControl: HTTP(S) Test Script Recorder SSL Proxy will use keys that support embedded 3rd party resources in file D:\安装程序\常用软件\apache-jmeter-5.1.1\bin\proxyserver.jks
2019-08-18 17:46:59,159 INFO o.a.j.s.FileServer: Default base='D:\安装程序\常用软件\apache-jmeter-5.1.1\bin'
2019-08-18 17:47:00,518 INFO o.j.r.PluginManager: Plugins Status: [jpgc-json=2.7, jpgc-plugins-manager=1.3, websocket-sampler=1.0.2-SNAPSHOT, websocket-samplers=1.2.2, jmeter-core=5.1.1, jmeter-ftp=5.1.1, jmeter-http=5.1.1, jmeter-jdbc=5.1.1, jmeter-jms=5.1.1, jmeter-junit=5.1.1, jmeter-java=5.1.1, jmeter-ldap=5.1.1, jmeter-mail=5.1.1, jmeter-mongodb=5.1.1, jmeter-native=5.1.1, jmeter-tcp=5.1.1, jmeter-components=5.1.1]
2019-08-18 17:47:01,079 INFO o.a.j.s.SampleResult: Note: Sample TimeStamps are START times
2019-08-18 17:47:01,080 INFO o.a.j.s.SampleResult: sampleresult.default.encoding is set to ISO-8859-1
2019-08-18 17:47:01,080 INFO o.a.j.s.SampleResult: sampleresult.useNanoTime=true
2019-08-18 17:47:01,081 INFO o.a.j.s.SampleResult: sampleresult.nanoThreadSleep=5000
2019-08-18 17:49:44,745 INFO o.a.j.u.JMeterUtils: Setting Locale to zh_CN
2019-08-18 17:49:44,799 WARN o.a.j.g.t.JMeterTreeNode: getIcon(): Can't obtain GUI class from class org.apache.jmeter.config.CSVDataSet
2019-08-18 17:50:47,182 INFO o.a.j.g.a.Load: Loading file: E:\登录.jmx
2019-08-18 17:50:47,182 INFO o.a.j.s.FileServer: Set new base='E:\'
2019-08-18 17:50:47,638 INFO o.a.j.s.SaveService: Testplan (JMX) version: 2.2. Testlog (JTL) version: 2.2
2019-08-18 17:50:47,680 INFO o.a.j.s.SaveService: Using SaveService properties file encoding UTF-8
2019-08-18 17:50:47,683 INFO o.a.j.s.SaveService: Using SaveService properties version 5.0
2019-08-18 17:50:47,691 INFO o.a.j.s.SaveService: Loading file: E:\登录.jmx
2019-08-18 17:50:48,390 INFO o.a.j.s.FileServer: Set new base='E:\'
2019-08-18 17:50:59,885 INFO o.a.j.g.a.Load: Loading file: D:\安装程序\常用软件\apache-jmeter-5.1.1\TestSuite\script\HTTP请求.jmx
2019-08-18 17:50:59,885 INFO o.a.j.s.FileServer: Set new base='D:\安装程序\常用软件\apache-jmeter-5.1.1\TestSuite\script'
2019-08-18 17:50:59,885 INFO o.a.j.s.SaveService: Loading file: D:\安装程序\常用软件\apache-jmeter-5.1.1\TestSuite\script\HTTP请求.jmx
2019-08-18 17:50:59,993 INFO o.a.j.p.h.c.CookieManager: Settings: Delete null: true Check: true Allow variable: true Save: false Prefix: COOKIE_
2019-08-18 17:51:00,153 INFO o.a.j.s.FileServer: Set new base='D:\安装程序\常用软件\apache-jmeter-5.1.1\TestSuite\script'
2019-08-18 23:41:31,149 INFO o.a.j.g.a.Load: Loading file: E:\登录.jmx
2019-08-18 23:41:31,200 INFO o.a.j.s.FileServer: Set new base='E:\'
2019-08-18 23:41:31,202 INFO o.a.j.s.SaveService: Loading file: E:\登录.jmx
2019-08-18 23:41:32,138 INFO o.a.j.s.FileServer: Set new base='E:\'
2019-08-18 23:42:49,861 INFO o.a.j.e.StandardJMeterEngine: Running the test!
2019-08-18 23:42:49,887 INFO o.a.j.s.SampleEvent: List of sample_variables: []
2019-08-18 23:42:49,887 INFO o.a.j.s.SampleEvent: List of sample_variables: []
2019-08-18 23:42:49,903 INFO o.a.j.e.u.CompoundVariable: Note: Function class names must contain the string: '.functions.'
2019-08-18 23:42:49,903 INFO o.a.j.e.u.CompoundVariable: Note: Function class names must not contain the string: '.gui.'
2019-08-18 23:42:52,294 INFO o.a.j.g.u.JMeterMenuBar: setRunning(true, *local*)
2019-08-18 23:42:54,957 INFO o.a.j.e.StandardJMeterEngine: Starting ThreadGroup: 1 : 线程组
2019-08-18 23:42:54,957 INFO o.a.j.e.StandardJMeterEngine: Starting 1 threads for group 线程组.
2019-08-18 23:42:54,958 INFO o.a.j.e.StandardJMeterEngine: Thread will continue on error
2019-08-18 23:42:54,958 INFO o.a.j.t.ThreadGroup: Starting thread group... number=1 threads=1 ramp-up=1 delayedStart=false
2019-08-18 23:42:54,963 INFO o.a.j.t.ThreadGroup: Started thread group number 1
2019-08-18 23:42:54,963 INFO o.a.j.e.StandardJMeterEngine: All thread groups have been started
2019-08-18 23:42:54,995 INFO o.a.j.t.JMeterThread: Thread started: 线程组 1-1
2019-08-18 23:42:55,074 INFO o.a.j.p.h.s.HTTPHCAbstractImpl: Local host = PXJZUXJL586FTQV
2019-08-18 23:42:55,100 INFO o.a.j.p.h.s.HTTPHC4Impl: HTTP request retry count = 0
2019-08-18 23:43:16,447 INFO o.a.j.t.JMeterThread: Thread is done: 线程组 1-1
2019-08-18 23:43:16,447 INFO o.a.j.t.JMeterThread: Thread finished: 线程组 1-1
2019-08-18 23:43:16,448 INFO o.a.j.e.StandardJMeterEngine: Notifying test listeners of end of test
2019-08-18 23:43:16,448 INFO o.a.j.g.u.JMeterMenuBar: setRunning(false, *local*)
2019-08-18 23:44:12,924 INFO o.a.j.g.a.Load: Loading file: C:\Users\Administrator\Desktop\注册获取验证码.jmx
2019-08-18 23:44:12,924 INFO o.a.j.s.FileServer: Set new base='C:\Users\Administrator\Desktop'
2019-08-18 23:44:12,924 INFO o.a.j.s.SaveService: Loading file: C:\Users\Administrator\Desktop\注册获取验证码.jmx
2019-08-18 23:44:13,159 INFO o.a.j.s.FileServer: Set new base='C:\Users\Administrator\Desktop'
2019-08-18 23:44:22,457 INFO o.a.j.e.StandardJMeterEngine: Running the test!
2019-08-18 23:44:22,458 INFO o.a.j.s.SampleEvent: List of sample_variables: []
2019-08-18 23:44:22,460 INFO o.a.j.g.u.JMeterMenuBar: setRunning(true, *local*)
2019-08-18 23:44:22,644 INFO o.a.j.e.StandardJMeterEngine: Starting ThreadGroup: 1 : 线程组
2019-08-18 23:44:22,645 INFO o.a.j.e.StandardJMeterEngine: Starting 1 threads for group 线程组.
2019-08-18 23:44:22,645 INFO o.a.j.e.StandardJMeterEngine: Thread will continue on error
2019-08-18 23:44:22,645 INFO o.a.j.t.ThreadGroup: Starting thread group... number=1 threads=1 ramp-up=1 delayedStart=false
2019-08-18 23:44:22,646 INFO o.a.j.t.ThreadGroup: Started thread group number 1
2019-08-18 23:44:22,646 INFO o.a.j.e.StandardJMeterEngine: All thread groups have been started
2019-08-18 23:44:22,648 INFO o.a.j.t.JMeterThread: Thread started: 线程组 1-1
2019-08-18 23:44:43,661 INFO o.a.j.t.JMeterThread: Thread is done: 线程组 1-1
2019-08-18 23:44:43,661 INFO o.a.j.t.JMeterThread: Thread finished: 线程组 1-1
2019-08-18 23:44:43,661 INFO o.a.j.e.StandardJMeterEngine: Notifying test listeners of end of test
2019-08-18 23:44:43,661 INFO o.a.j.g.u.JMeterMenuBar: setRunning(false, *local*)
2019-08-18 23:45:02,839 INFO o.a.j.e.StandardJMeterEngine: Running the test!
2019-08-18 23:45:02,846 INFO o.a.j.s.SampleEvent: List of sample_variables: []
2019-08-18 23:45:02,851 INFO o.a.j.g.u.JMeterMenuBar: setRunning(true, *local*)
2019-08-18 23:45:03,010 INFO o.a.j.e.StandardJMeterEngine: Starting ThreadGroup: 1 : 线程组
2019-08-18 23:45:03,010 INFO o.a.j.e.StandardJMeterEngine: Starting 1 threads for group 线程组.
2019-08-18 23:45:03,010 INFO o.a.j.e.StandardJMeterEngine: Thread will continue on error
2019-08-18 23:45:03,011 INFO o.a.j.t.ThreadGroup: Starting thread group... number=1 threads=1 ramp-up=1 delayedStart=false
2019-08-18 23:45:03,011 INFO o.a.j.t.ThreadGroup: Started thread group number 1
2019-08-18 23:45:03,011 INFO o.a.j.e.StandardJMeterEngine: All thread groups have been started
2019-08-18 23:45:03,027 INFO o.a.j.t.JMeterThread: Thread started: 线程组 1-1
2019-08-18 23:45:24,039 INFO o.a.j.t.JMeterThread: Thread is done: 线程组 1-1
2019-08-18 23:45:24,039 INFO o.a.j.t.JMeterThread: Thread finished: 线程组 1-1
2019-08-18 23:45:24,040 INFO o.a.j.e.StandardJMeterEngine: Notifying test listeners of end of test
2019-08-18 23:45:24,041 INFO o.a.j.g.u.JMeterMenuBar: setRunning(false, *local*)
2019-08-18 23:45:35,052 INFO o.a.j.e.StandardJMeterEngine: Running the test!
2019-08-18 23:45:35,053 INFO o.a.j.s.SampleEvent: List of sample_variables: []
2019-08-18 23:45:35,054 INFO o.a.j.g.u.JMeterMenuBar: setRunning(true, *local*)
2019-08-18 23:45:35,206 INFO o.a.j.e.StandardJMeterEngine: Starting ThreadGroup: 1 : 线程组
2019-08-18 23:45:35,206 INFO o.a.j.e.StandardJMeterEngine: Starting 1 threads for group 线程组.
2019-08-18 23:45:35,206 INFO o.a.j.e.StandardJMeterEngine: Thread will continue on error
2019-08-18 23:45:35,206 INFO o.a.j.t.ThreadGroup: Starting thread group... number=1 threads=1 ramp-up=1 delayedStart=false
2019-08-18 23:45:35,207 INFO o.a.j.t.ThreadGroup: Started thread group number 1
2019-08-18 23:45:35,207 INFO o.a.j.e.StandardJMeterEngine: All thread groups have been started
2019-08-18 23:45:35,208 INFO o.a.j.t.JMeterThread: Thread started: 线程组 1-1
2019-08-18 23:45:56,216 INFO o.a.j.t.JMeterThread: Thread is done: 线程组 1-1
2019-08-18 23:45:56,216 INFO o.a.j.t.JMeterThread: Thread finished: 线程组 1-1
2019-08-18 23:45:56,216 INFO o.a.j.e.StandardJMeterEngine: Notifying test listeners of end of test
2019-08-18 23:45:56,217 INFO o.a.j.g.u.JMeterMenuBar: setRunning(false, *local*)
2019-08-18 23:46:05,893 INFO o.a.j.g.a.Load: Loading file: D:\安装程序\常用软件\apache-jmeter-5.1.1\TestSuite\script\HTTP请求.jmx
2019-08-18 23:46:05,893 INFO o.a.j.s.FileServer: Set new base='D:\安装程序\常用软件\apache-jmeter-5.1.1\TestSuite\script'
2019-08-18 23:46:05,894 INFO o.a.j.s.SaveService: Loading file: D:\安装程序\常用软件\apache-jmeter-5.1.1\TestSuite\script\HTTP请求.jmx
2019-08-18 23:46:06,055 INFO o.a.j.s.FileServer: Set new base='D:\安装程序\常用软件\apache-jmeter-5.1.1\TestSuite\script'
2019-08-18 23:46:13,403 INFO o.a.j.e.StandardJMeterEngine: Running the test!
2019-08-18 23:46:13,404 INFO o.a.j.s.SampleEvent: List of sample_variables: []
2019-08-18 23:46:13,424 INFO o.a.j.g.u.JMeterMenuBar: setRunning(true, *local*)
2019-08-18 23:46:13,598 INFO o.a.j.e.StandardJMeterEngine: Starting ThreadGroup: 1 : 登录并签到
2019-08-18 23:46:13,598 INFO o.a.j.e.StandardJMeterEngine: Starting 100 threads for group 登录并签到.
2019-08-18 23:46:13,598 INFO o.a.j.e.StandardJMeterEngine: Thread will continue on error
2019-08-18 23:46:13,598 INFO o.a.j.t.ThreadGroup: Starting thread group... number=1 threads=100 ramp-up=0 delayedStart=false
2019-08-18 23:46:18,189 INFO o.a.j.e.StandardJMeterEngine: All thread groups have been started
2019-08-18 23:46:18,189 INFO o.a.j.e.StandardJMeterEngine: Notifying test listeners of end of test
2019-08-18 23:46:18,190 INFO o.a.j.g.u.JMeterMenuBar: setRunning(false, *local*)
2019-08-18 23:46:22,274 INFO o.a.j.e.StandardJMeterEngine: Running the test!
2019-08-18 23:46:22,276 INFO o.a.j.s.SampleEvent: List of sample_variables: []
2019-08-18 23:46:22,278 INFO o.a.j.g.u.JMeterMenuBar: setRunning(true, *local*)
2019-08-18 23:46:22,450 INFO o.a.j.e.StandardJMeterEngine: Starting ThreadGroup: 1 : 登录并签到
2019-08-18 23:46:22,451 INFO o.a.j.e.StandardJMeterEngine: Starting 100 threads for group 登录并签到.
2019-08-18 23:46:22,451 INFO o.a.j.e.StandardJMeterEngine: Thread will continue on error
2019-08-18 23:46:22,451 INFO o.a.j.t.ThreadGroup: Starting thread group... number=1 threads=100 ramp-up=0 delayedStart=false
2019-08-18 23:46:26,426 INFO o.a.j.e.StandardJMeterEngine: All thread groups have been started
2019-08-18 23:46:26,426 INFO o.a.j.e.StandardJMeterEngine: Notifying test listeners of end of test
2019-08-18 23:46:26,426 INFO o.a.j.g.u.JMeterMenuBar: setRunning(false, *local*)
2019-08-18 23:46:28,368 INFO o.a.j.e.StandardJMeterEngine: Running the test!
2019-08-18 23:46:28,369 INFO o.a.j.s.SampleEvent: List of sample_variables: []
2019-08-18 23:46:28,371 INFO o.a.j.g.u.JMeterMenuBar: setRunning(true, *local*)
2019-08-18 23:46:28,524 INFO o.a.j.e.StandardJMeterEngine: Starting ThreadGroup: 1 : 登录并签到
2019-08-18 23:46:28,524 INFO o.a.j.e.StandardJMeterEngine: Starting 100 threads for group 登录并签到.
2019-08-18 23:46:28,524 INFO o.a.j.e.StandardJMeterEngine: Thread will continue on error
2019-08-18 23:46:28,524 INFO o.a.j.t.ThreadGroup: Starting thread group... number=1 threads=100 ramp-up=0 delayedStart=false
2019-08-18 23:46:32,831 INFO o.a.j.e.StandardJMeterEngine: All thread groups have been started
2019-08-18 23:46:32,834 INFO o.a.j.e.StandardJMeterEngine: Notifying test listeners of end of test
2019-08-18 23:46:32,834 INFO o.a.j.g.u.JMeterMenuBar: setRunning(false, *local*)
2019-08-18 23:46:52,176 INFO o.a.j.e.StandardJMeterEngine: Running the test!
2019-08-18 23:46:52,177 INFO o.a.j.s.SampleEvent: List of sample_variables: []
2019-08-18 23:46:52,182 INFO o.a.j.g.u.JMeterMenuBar: setRunning(true, *local*)
2019-08-18 23:46:52,311 INFO o.a.j.e.StandardJMeterEngine: Starting ThreadGroup: 1 : 登录并签到
2019-08-18 23:46:52,311 INFO o.a.j.e.StandardJMeterEngine: Starting 100 threads for group 登录并签到.
2019-08-18 23:46:52,311 INFO o.a.j.e.StandardJMeterEngine: Thread will continue on error
2019-08-18 23:46:52,313 INFO o.a.j.t.ThreadGroup: Starting thread group... number=1 threads=100 ramp-up=0 delayedStart=false
2019-08-18 23:46:58,822 INFO o.a.j.e.StandardJMeterEngine: All thread groups have been started
2019-08-18 23:46:58,822 INFO o.a.j.e.StandardJMeterEngine: Notifying test listeners of end of test
2019-08-18 23:46:58,823 INFO o.a.j.g.u.JMeterMenuBar: setRunning(false, *local*)
2019-08-18 23:47:45,974 INFO o.a.j.e.StandardJMeterEngine: Running the test!
2019-08-18 23:47:45,975 INFO o.a.j.s.SampleEvent: List of sample_variables: []
2019-08-18 23:47:45,976 INFO o.a.j.g.u.JMeterMenuBar: setRunning(true, *local*)
2019-08-18 23:47:46,145 INFO o.a.j.e.StandardJMeterEngine: Starting ThreadGroup: 1 : 登录并签到
2019-08-18 23:47:46,145 INFO o.a.j.e.StandardJMeterEngine: Starting 100 threads for group 登录并签到.
2019-08-18 23:47:46,145 INFO o.a.j.e.StandardJMeterEngine: Thread will continue on error
2019-08-18 23:47:46,145 INFO o.a.j.t.ThreadGroup: Starting thread group... number=1 threads=100 ramp-up=0 delayedStart=false
2019-08-18 23:47:51,848 INFO o.a.j.e.StandardJMeterEngine: All thread groups have been started
2019-08-18 23:47:51,848 INFO o.a.j.e.StandardJMeterEngine: Notifying test listeners of end of test
2019-08-18 23:47:51,848 INFO o.a.j.g.u.JMeterMenuBar: setRunning(false, *local*)
